<?xml version="1.0" encoding="UTF-8"?>
<!-- Generated by org.testng.reporters.JUnitReportReporter -->
<testsuite skipped="0" hostname="DESKTOP-E1E9EHH" name="gradledemo.Gradledemoclass" tests="1" failures="0" timestamp="29 Sep 2019 19:21:09 GMT" time="2.086" errors="0">
  <testcase name="openurl" time="2.086" classname="gradledemo.Gradledemoclass"/>
</testsuite> <!-- gradledemo.Gradledemoclass -->
