<?xml version="1.0" encoding="UTF-8"?>
<!-- Generated by org.testng.reporters.JUnitReportReporter -->
<testsuite skipped="0" hostname="DESKTOP-E1E9EHH" name="gradledemo.Practicetest01" tests="3" failures="0" timestamp="01 Oct 2019 18:47:07 GMT" time="16.239" errors="0">
  <testcase name="openurl" time="2.023" classname="gradledemo.Practicetest01"/>
  <testcase name="clickurl" time="5.700" classname="gradledemo.Practicetest01"/>
  <testcase name="clickonelement" time="8.516" classname="gradledemo.Practicetest01"/>
</testsuite> <!-- gradledemo.Practicetest01 -->
