<?xml version="1.0" encoding="UTF-8"?>
<!-- Generated by org.testng.reporters.JUnitReportReporter -->
<testsuite skipped="0" hostname="DESKTOP-E1E9EHH" name="gradledemo.Gradledemoclass" tests="1" failures="0" timestamp="18 Feb 2020 13:23:47 GMT" time="1.979" errors="0">
  <testcase name="openurl" time="1.979" classname="gradledemo.Gradledemoclass"/>
</testsuite> <!-- gradledemo.Gradledemoclass -->
