<?xml version="1.0" encoding="UTF-8"?>
<!-- Generated by org.testng.reporters.JUnitReportReporter -->
<testsuite skipped="0" hostname="DESKTOP-E1E9EHH" name="gradledemo.Practicetest01" tests="3" failures="0" timestamp="18 Feb 2020 13:23:47 GMT" time="17.354" errors="0">
  <testcase name="openurl" time="1.980" classname="gradledemo.Practicetest01"/>
  <testcase name="clickurl" time="5.970" classname="gradledemo.Practicetest01"/>
  <testcase name="clickonelement" time="9.404" classname="gradledemo.Practicetest01"/>
</testsuite> <!-- gradledemo.Practicetest01 -->
