<?xml version="1.0" encoding="UTF-8"?>
<!-- Generated by org.testng.reporters.JUnitReportReporter -->
<testsuite skipped="0" hostname="DESKTOP-E1E9EHH" name="gradledemo.Gradledemoclass" tests="1" failures="0" timestamp="01 Oct 2019 18:47:07 GMT" time="2.720" errors="0">
  <testcase name="openurl" time="2.720" classname="gradledemo.Gradledemoclass"/>
</testsuite> <!-- gradledemo.Gradledemoclass -->
