<?xml version="1.0" encoding="UTF-8"?>
<!-- Generated by org.testng.reporters.JUnitReportReporter -->
<testsuite skipped="0" hostname="DESKTOP-E1E9EHH" name="gradledemo.Practicetest01" tests="3" failures="0" timestamp="29 Sep 2019 19:16:01 GMT" time="15.625" errors="0">
  <testcase name="openurl" time="1.955" classname="gradledemo.Practicetest01"/>
  <testcase name="clickurl" time="5.662" classname="gradledemo.Practicetest01"/>
  <testcase name="clickonelement" time="8.008" classname="gradledemo.Practicetest01"/>
</testsuite> <!-- gradledemo.Practicetest01 -->
