<?xml version="1.0" encoding="UTF-8"?>
<!-- Generated by org.testng.reporters.JUnitReportReporter -->
<testsuite skipped="0" hostname="DESKTOP-E1E9EHH" name="javaconcepts.WorkonAotherwindow" tests="1" failures="0" timestamp="18 Oct 2019 19:47:24 GMT" time="22.461" errors="0">
  <testcase name="openurlandlogin" time="22.461" classname="javaconcepts.WorkonAotherwindow"/>
</testsuite> <!-- javaconcepts.WorkonAotherwindow -->
